<?xml version="1.0" encoding="UTF-8"?>
<TestRun id="e1e5c84d-222b-482d-8c9c-608ce29c22a6" name="Tino@TINO-PC 2014-10-14 13:31:56" runUser="Tino-PC\Tino" xmlns="http://microsoft.com/schemas/VisualStudio/TeamTest/2010">
  <TestSettings name="Local" id="3caa583e-b5f9-4780-b502-695f744f7d3c">
    <Description>These are default test settings for a local test run.</Description>
    <Deployment enabled="false" runDeploymentRoot="Tino_TINO-PC 2014-10-14 13_31_56">
      <DeploymentItem filename="C:\Users\Tino\Desktop\TP\TP\bin\Debug\Iesi.Collections.dll" />
      <DeploymentItem filename="C:\Users\Tino\Desktop\TP\TP\bin\Debug\NHibernate.dll" />
      <DeploymentItem filename="C:\Users\Tino\Desktop\TP\TP\bin\Debug\TP.exe" />
    </Deployment>
    <Execution>
      <TestTypeSpecific />
      <AgentRule name="Execution Agents">
      </AgentRule>
    </Execution>
  </TestSettings>
  <Times creation="2014-10-14T13:31:56.0045665-07:00" queuing="2014-10-14T13:31:56.0935716-07:00" start="2014-10-14T13:31:56.1345740-07:00" finish="2014-10-14T13:32:09.0163108-07:00" />
  <ResultSummary outcome="Failed">
    <Counters total="9" executed="9" error="0" failed="9" timeout="0" aborted="0" inconclusive="0" passedButRunAborted="0" notRunnable="0" notExecuted="0" disconnected="0" warning="0" passed="0" completed="0" inProgress="0" pending="0" />
  </ResultSummary>
  <TestDefinitions>
    <UnitTest name="TestAllAuthorizer" storage="c:\users\tino\desktop\tp\tptest\bin\debug\tptest.dll" id="5afea8c9-d3ab-4ebf-9553-a2458d7ea6cf">
      <Execution id="e32f557a-d19f-40d4-9c8d-802da3969392" />
      <TestMethod codeBase="C:/Users/Tino/Desktop/TP/TPTest/bin/Debug/TPTest.DLL" adapterTypeName="Microsoft.VisualStudio.TestTools.TestTypes.Unit.UnitTestAdapter, Microsoft.VisualStudio.QualityTools.Tips.UnitTest.Adapter, Version=10.0.0.0, Culture=neutral, PublicKeyToken=b03f5f7f11d50a3a" className="TPTest.repository.TestAuthorizer, TPTest, Version=1.0.0.0, Culture=neutral, PublicKeyToken=null" name="TestAllAuthorizer" />
    </UnitTest>
    <UnitTest name="TestAllEmployee" storage="c:\users\tino\desktop\tp\tptest\bin\debug\tptest.dll" id="f44b82e6-9fa6-66d0-f37d-d7eea6349f41">
      <Execution id="2e77b638-2bdf-424d-b09f-d6b65d36361f" />
      <TestMethod codeBase="C:/Users/Tino/Desktop/TP/TPTest/bin/Debug/TPTest.DLL" adapterTypeName="Microsoft.VisualStudio.TestTools.TestTypes.Unit.UnitTestAdapter, Microsoft.VisualStudio.QualityTools.Tips.UnitTest.Adapter, Version=10.0.0.0, Culture=neutral, PublicKeyToken=b03f5f7f11d50a3a" className="TPTest.Repository.TestEmployee, TPTest, Version=1.0.0.0, Culture=neutral, PublicKeyToken=null" name="TestAllEmployee" />
    </UnitTest>
    <UnitTest name="TestAllPatientAddress" storage="c:\users\tino\desktop\tp\tptest\bin\debug\tptest.dll" id="a4aaea69-8e99-80da-06a2-51caab4d2873">
      <Execution id="a6ec8dba-ae90-4798-8ca5-e117468acfb2" />
      <TestMethod codeBase="C:/Users/Tino/Desktop/TP/TPTest/bin/Debug/TPTest.DLL" adapterTypeName="Microsoft.VisualStudio.TestTools.TestTypes.Unit.UnitTestAdapter, Microsoft.VisualStudio.QualityTools.Tips.UnitTest.Adapter, Version=10.0.0.0, Culture=neutral, PublicKeyToken=b03f5f7f11d50a3a" className="TPTest.repository.TestPatientAddress, TPTest, Version=1.0.0.0, Culture=neutral, PublicKeyToken=null" name="TestAllPatientAddress" />
    </UnitTest>
    <UnitTest name="TestAllTerminalUser" storage="c:\users\tino\desktop\tp\tptest\bin\debug\tptest.dll" id="47ca51c2-3965-9371-4f2b-e7525cbf149b">
      <Execution id="b890895f-3701-46ca-a7a8-689ab6464bcc" />
      <TestMethod codeBase="C:/Users/Tino/Desktop/TP/TPTest/bin/Debug/TPTest.DLL" adapterTypeName="Microsoft.VisualStudio.TestTools.TestTypes.Unit.UnitTestAdapter, Microsoft.VisualStudio.QualityTools.Tips.UnitTest.Adapter, Version=10.0.0.0, Culture=neutral, PublicKeyToken=b03f5f7f11d50a3a" className="TPTest.Repository.TestTerminalUser, TPTest, Version=1.0.0.0, Culture=neutral, PublicKeyToken=null" name="TestAllTerminalUser" />
    </UnitTest>
    <UnitTest name="TestAllAppoinment" storage="c:\users\tino\desktop\tp\tptest\bin\debug\tptest.dll" id="3d41bc01-b249-954e-ed91-c15c60ffeea0">
      <Execution id="825e8e9c-f511-4d47-bce6-e933c8bb6e5b" />
      <TestMethod codeBase="C:/Users/Tino/Desktop/TP/TPTest/bin/Debug/TPTest.DLL" adapterTypeName="Microsoft.VisualStudio.TestTools.TestTypes.Unit.UnitTestAdapter, Microsoft.VisualStudio.QualityTools.Tips.UnitTest.Adapter, Version=10.0.0.0, Culture=neutral, PublicKeyToken=b03f5f7f11d50a3a" className="TPTest.Repository.TestAppointment, TPTest, Version=1.0.0.0, Culture=neutral, PublicKeyToken=null" name="TestAllAppoinment" />
    </UnitTest>
    <UnitTest name="TestAllPatient" storage="c:\users\tino\desktop\tp\tptest\bin\debug\tptest.dll" id="6e26cf5a-168a-510e-410f-d0545d2f9604">
      <Execution id="270112d5-f8d8-430a-a5be-c0621e36d696" />
      <TestMethod codeBase="C:/Users/Tino/Desktop/TP/TPTest/bin/Debug/TPTest.DLL" adapterTypeName="Microsoft.VisualStudio.TestTools.TestTypes.Unit.UnitTestAdapter, Microsoft.VisualStudio.QualityTools.Tips.UnitTest.Adapter, Version=10.0.0.0, Culture=neutral, PublicKeyToken=b03f5f7f11d50a3a" className="TPTest.TestPatient, TPTest, Version=1.0.0.0, Culture=neutral, PublicKeyToken=null" name="TestAllPatient" />
    </UnitTest>
    <UnitTest name="TestAllProcedures" storage="c:\users\tino\desktop\tp\tptest\bin\debug\tptest.dll" id="52433816-34f4-2a6c-a0bc-1c1ffc38cbb9">
      <Execution id="4d45487a-0fcf-486e-8411-5c4887d3d1cc" />
      <TestMethod codeBase="C:/Users/Tino/Desktop/TP/TPTest/bin/Debug/TPTest.DLL" adapterTypeName="Microsoft.VisualStudio.TestTools.TestTypes.Unit.UnitTestAdapter, Microsoft.VisualStudio.QualityTools.Tips.UnitTest.Adapter, Version=10.0.0.0, Culture=neutral, PublicKeyToken=b03f5f7f11d50a3a" className="TPTest.Repository.TestProcedure, TPTest, Version=1.0.0.0, Culture=neutral, PublicKeyToken=null" name="TestAllProcedures" />
    </UnitTest>
    <UnitTest name="TestAllPaymentData" storage="c:\users\tino\desktop\tp\tptest\bin\debug\tptest.dll" id="ef02c3d0-ff67-1dfc-598e-2b27d85d78c5">
      <Execution id="d6ce4025-96f1-47f3-8d6c-98204d4878f3" />
      <TestMethod codeBase="C:/Users/Tino/Desktop/TP/TPTest/bin/Debug/TPTest.DLL" adapterTypeName="Microsoft.VisualStudio.TestTools.TestTypes.Unit.UnitTestAdapter, Microsoft.VisualStudio.QualityTools.Tips.UnitTest.Adapter, Version=10.0.0.0, Culture=neutral, PublicKeyToken=b03f5f7f11d50a3a" className="TPTest.Repository.TestPaymentData, TPTest, Version=1.0.0.0, Culture=neutral, PublicKeyToken=null" name="TestAllPaymentData" />
    </UnitTest>
    <UnitTest name="TestAllPayment" storage="c:\users\tino\desktop\tp\tptest\bin\debug\tptest.dll" id="d023ff9b-12c5-5440-f6f4-f338c74d902d">
      <Execution id="0f4805bc-33eb-443b-9322-65dcc53b656e" />
      <TestMethod codeBase="C:/Users/Tino/Desktop/TP/TPTest/bin/Debug/TPTest.DLL" adapterTypeName="Microsoft.VisualStudio.TestTools.TestTypes.Unit.UnitTestAdapter, Microsoft.VisualStudio.QualityTools.Tips.UnitTest.Adapter, Version=10.0.0.0, Culture=neutral, PublicKeyToken=b03f5f7f11d50a3a" className="TPTest.Repository.TestPayment, TPTest, Version=1.0.0.0, Culture=neutral, PublicKeyToken=null" name="TestAllPayment" />
    </UnitTest>
  </TestDefinitions>
  <TestLists>
    <TestList name="Results Not in a List" id="8c84fa94-04c1-424b-9868-57a2d4851a1d" />
    <TestList name="All Loaded Results" id="19431567-8539-422a-85d7-44ee4e166bda" />
  </TestLists>
  <TestEntries>
    <TestEntry testId="3d41bc01-b249-954e-ed91-c15c60ffeea0" executionId="825e8e9c-f511-4d47-bce6-e933c8bb6e5b" testListId="8c84fa94-04c1-424b-9868-57a2d4851a1d" />
    <TestEntry testId="47ca51c2-3965-9371-4f2b-e7525cbf149b" executionId="b890895f-3701-46ca-a7a8-689ab6464bcc" testListId="8c84fa94-04c1-424b-9868-57a2d4851a1d" />
    <TestEntry testId="52433816-34f4-2a6c-a0bc-1c1ffc38cbb9" executionId="4d45487a-0fcf-486e-8411-5c4887d3d1cc" testListId="8c84fa94-04c1-424b-9868-57a2d4851a1d" />
    <TestEntry testId="5afea8c9-d3ab-4ebf-9553-a2458d7ea6cf" executionId="e32f557a-d19f-40d4-9c8d-802da3969392" testListId="8c84fa94-04c1-424b-9868-57a2d4851a1d" />
    <TestEntry testId="6e26cf5a-168a-510e-410f-d0545d2f9604" executionId="270112d5-f8d8-430a-a5be-c0621e36d696" testListId="8c84fa94-04c1-424b-9868-57a2d4851a1d" />
    <TestEntry testId="a4aaea69-8e99-80da-06a2-51caab4d2873" executionId="a6ec8dba-ae90-4798-8ca5-e117468acfb2" testListId="8c84fa94-04c1-424b-9868-57a2d4851a1d" />
    <TestEntry testId="d023ff9b-12c5-5440-f6f4-f338c74d902d" executionId="0f4805bc-33eb-443b-9322-65dcc53b656e" testListId="8c84fa94-04c1-424b-9868-57a2d4851a1d" />
    <TestEntry testId="ef02c3d0-ff67-1dfc-598e-2b27d85d78c5" executionId="d6ce4025-96f1-47f3-8d6c-98204d4878f3" testListId="8c84fa94-04c1-424b-9868-57a2d4851a1d" />
    <TestEntry testId="f44b82e6-9fa6-66d0-f37d-d7eea6349f41" executionId="2e77b638-2bdf-424d-b09f-d6b65d36361f" testListId="8c84fa94-04c1-424b-9868-57a2d4851a1d" />
  </TestEntries>
  <Results>
    <UnitTestResult executionId="825e8e9c-f511-4d47-bce6-e933c8bb6e5b" testId="3d41bc01-b249-954e-ed91-c15c60ffeea0" testName="TestAllAppoinment" computerName="TINO-PC" duration="00:00:07.2473624" startTime="2014-10-14T13:31:56.2845825-07:00" endTime="2014-10-14T13:32:04.5560556-07:00" testType="13cdc9d9-ddb5-4fa4-a97d-d965ccfc6d4b" outcome="Failed" testListId="8c84fa94-04c1-424b-9868-57a2d4851a1d" relativeResultsDirectory="825e8e9c-f511-4d47-bce6-e933c8bb6e5b">
      <Output>
        <ErrorInfo>
          <Message>Test method TPTest.Repository.TestAppointment.TestAllAppoinment threw exception: 
NHibernate.MappingException: Could not determine type for: TP.Domain.interger, TP, for columns: NHibernate.Mapping.Column(change)</Message>
          <StackTrace>    at NHibernate.Mapping.SimpleValue.get_Type()
   at NHibernate.Mapping.Column.GetSqlTypeCode(IMapping mapping)
   at NHibernate.Mapping.Column.GetDialectTypeName(Dialect dialect, IMapping mapping)
   at NHibernate.Mapping.Table.SqlCreateString(Dialect dialect, IMapping p, String defaultCatalog, String defaultSchema)
   at NHibernate.Cfg.Configuration.GenerateSchemaCreationScript(Dialect dialect)
   at NHibernate.Tool.hbm2ddl.SchemaExport.Initialize()
   at NHibernate.Tool.hbm2ddl.SchemaExport.Execute(Action`1 scriptAction, Boolean export, Boolean justDrop)
   at NHibernate.Tool.hbm2ddl.SchemaExport.Execute(Boolean script, Boolean export, Boolean justDrop)
   at TP.Config.ConnectionConfig.loadAppointmentConfig() in C:\Users\Tino\Desktop\TP\TP\config\ConnectionConfig.cs:line 34
   at TPTest.Repository.TestAppointment.testCreate() in C:\Users\Tino\Desktop\TP\TPTest\repository\TestAppointment.cs:line 29
   at TPTest.Repository.TestAppointment.TestAllAppoinment() in C:\Users\Tino\Desktop\TP\TPTest\repository\TestAppointment.cs:line 21
</StackTrace>
        </ErrorInfo>
      </Output>
    </UnitTestResult>
    <UnitTestResult executionId="b890895f-3701-46ca-a7a8-689ab6464bcc" testId="47ca51c2-3965-9371-4f2b-e7525cbf149b" testName="TestAllTerminalUser" computerName="TINO-PC" duration="00:00:00.0462110" startTime="2014-10-14T13:32:04.6220594-07:00" endTime="2014-10-14T13:32:04.7050642-07:00" testType="13cdc9d9-ddb5-4fa4-a97d-d965ccfc6d4b" outcome="Failed" testListId="8c84fa94-04c1-424b-9868-57a2d4851a1d" relativeResultsDirectory="b890895f-3701-46ca-a7a8-689ab6464bcc">
      <Output>
        <ErrorInfo>
          <Message>Test method TPTest.Repository.TestTerminalUser.TestAllTerminalUser threw exception: 
NHibernate.MappingException: Could not determine type for: TP.Domain.interger, TP, for columns: NHibernate.Mapping.Column(change)</Message>
          <StackTrace>    at NHibernate.Mapping.SimpleValue.get_Type()
   at NHibernate.Mapping.Column.GetSqlTypeCode(IMapping mapping)
   at NHibernate.Mapping.Column.GetDialectTypeName(Dialect dialect, IMapping mapping)
   at NHibernate.Mapping.Table.SqlCreateString(Dialect dialect, IMapping p, String defaultCatalog, String defaultSchema)
   at NHibernate.Cfg.Configuration.GenerateSchemaCreationScript(Dialect dialect)
   at NHibernate.Tool.hbm2ddl.SchemaExport.Initialize()
   at NHibernate.Tool.hbm2ddl.SchemaExport.Execute(Action`1 scriptAction, Boolean export, Boolean justDrop)
   at NHibernate.Tool.hbm2ddl.SchemaExport.Execute(Boolean script, Boolean export, Boolean justDrop)
   at TP.Config.ConnectionConfig.loadPatientAddressConfig() in C:\Users\Tino\Desktop\TP\TP\config\ConnectionConfig.cs:line 90
   at TPTest.Repository.TestTerminalUser.testCreate() in C:\Users\Tino\Desktop\TP\TPTest\repository\TestTerminalUser.cs:line 28
   at TPTest.Repository.TestTerminalUser.TestAllTerminalUser() in C:\Users\Tino\Desktop\TP\TPTest\repository\TestTerminalUser.cs:line 20
</StackTrace>
        </ErrorInfo>
      </Output>
    </UnitTestResult>
    <UnitTestResult executionId="4d45487a-0fcf-486e-8411-5c4887d3d1cc" testId="52433816-34f4-2a6c-a0bc-1c1ffc38cbb9" testName="TestAllProcedures" computerName="TINO-PC" duration="00:00:00.0519429" startTime="2014-10-14T13:32:04.7580672-07:00" endTime="2014-10-14T13:32:04.8310714-07:00" testType="13cdc9d9-ddb5-4fa4-a97d-d965ccfc6d4b" outcome="Failed" testListId="8c84fa94-04c1-424b-9868-57a2d4851a1d" relativeResultsDirectory="4d45487a-0fcf-486e-8411-5c4887d3d1cc">
      <Output>
        <ErrorInfo>
          <Message>Test method TPTest.Repository.TestProcedure.TestAllProcedures threw exception: 
NHibernate.MappingException: Could not determine type for: TP.Domain.interger, TP, for columns: NHibernate.Mapping.Column(change)</Message>
          <StackTrace>    at NHibernate.Mapping.SimpleValue.get_Type()
   at NHibernate.Mapping.Column.GetSqlTypeCode(IMapping mapping)
   at NHibernate.Mapping.Column.GetDialectTypeName(Dialect dialect, IMapping mapping)
   at NHibernate.Mapping.Table.SqlCreateString(Dialect dialect, IMapping p, String defaultCatalog, String defaultSchema)
   at NHibernate.Cfg.Configuration.GenerateSchemaCreationScript(Dialect dialect)
   at NHibernate.Tool.hbm2ddl.SchemaExport.Initialize()
   at NHibernate.Tool.hbm2ddl.SchemaExport.Execute(Action`1 scriptAction, Boolean export, Boolean justDrop)
   at NHibernate.Tool.hbm2ddl.SchemaExport.Execute(Boolean script, Boolean export, Boolean justDrop)
   at TP.Config.ConnectionConfig.loadProcedureConfig() in C:\Users\Tino\Desktop\TP\TP\config\ConnectionConfig.cs:line 74
   at TPTest.Repository.TestProcedure.testCreate() in C:\Users\Tino\Desktop\TP\TPTest\repository\TestProcedure.cs:line 28
   at TPTest.Repository.TestProcedure.TestAllProcedures() in C:\Users\Tino\Desktop\TP\TPTest\repository\TestProcedure.cs:line 20
</StackTrace>
        </ErrorInfo>
      </Output>
    </UnitTestResult>
    <UnitTestResult executionId="e32f557a-d19f-40d4-9c8d-802da3969392" testId="5afea8c9-d3ab-4ebf-9553-a2458d7ea6cf" testName="TestAllAuthorizer" computerName="TINO-PC" duration="00:00:00.2603192" startTime="2014-10-14T13:32:04.8450722-07:00" endTime="2014-10-14T13:32:05.1360888-07:00" testType="13cdc9d9-ddb5-4fa4-a97d-d965ccfc6d4b" outcome="Failed" testListId="8c84fa94-04c1-424b-9868-57a2d4851a1d" relativeResultsDirectory="e32f557a-d19f-40d4-9c8d-802da3969392">
      <Output>
        <ErrorInfo>
          <Message>Test method TPTest.repository.TestAuthorizer.TestAllAuthorizer threw exception: 
NHibernate.MappingException: Could not determine type for: TP.Domain.interger, TP, for columns: NHibernate.Mapping.Column(change)</Message>
          <StackTrace>    at NHibernate.Mapping.SimpleValue.get_Type()
   at NHibernate.Mapping.Column.GetSqlTypeCode(IMapping mapping)
   at NHibernate.Mapping.Column.GetDialectTypeName(Dialect dialect, IMapping mapping)
   at NHibernate.Mapping.Table.SqlCreateString(Dialect dialect, IMapping p, String defaultCatalog, String defaultSchema)
   at NHibernate.Cfg.Configuration.GenerateSchemaCreationScript(Dialect dialect)
   at NHibernate.Tool.hbm2ddl.SchemaExport.Initialize()
   at NHibernate.Tool.hbm2ddl.SchemaExport.Execute(Action`1 scriptAction, Boolean export, Boolean justDrop)
   at NHibernate.Tool.hbm2ddl.SchemaExport.Execute(Boolean script, Boolean export, Boolean justDrop)
   at TP.Config.ConnectionConfig.loadAuthorizerConfig() in C:\Users\Tino\Desktop\TP\TP\config\ConnectionConfig.cs:line 98
   at TPTest.repository.TestAuthorizer.testCreate() in C:\Users\Tino\Desktop\TP\TPTest\repository\TestAuthorizer.cs:line 28
   at TPTest.repository.TestAuthorizer.TestAllAuthorizer() in C:\Users\Tino\Desktop\TP\TPTest\repository\TestAuthorizer.cs:line 20
</StackTrace>
        </ErrorInfo>
      </Output>
    </UnitTestResult>
    <UnitTestResult executionId="270112d5-f8d8-430a-a5be-c0621e36d696" testId="6e26cf5a-168a-510e-410f-d0545d2f9604" testName="TestAllPatient" computerName="TINO-PC" duration="00:00:00.3334526" startTime="2014-10-14T13:32:05.1740910-07:00" endTime="2014-10-14T13:32:05.5921149-07:00" testType="13cdc9d9-ddb5-4fa4-a97d-d965ccfc6d4b" outcome="Failed" testListId="8c84fa94-04c1-424b-9868-57a2d4851a1d" relativeResultsDirectory="270112d5-f8d8-430a-a5be-c0621e36d696">
      <Output>
        <ErrorInfo>
          <Message>Test method TPTest.TestPatient.TestAllPatient threw exception: 
NHibernate.MappingException: Could not determine type for: TP.Domain.interger, TP, for columns: NHibernate.Mapping.Column(change)</Message>
          <StackTrace>    at NHibernate.Mapping.SimpleValue.get_Type()
   at NHibernate.Mapping.Column.GetSqlTypeCode(IMapping mapping)
   at NHibernate.Mapping.Column.GetDialectTypeName(Dialect dialect, IMapping mapping)
   at NHibernate.Mapping.Table.SqlCreateString(Dialect dialect, IMapping p, String defaultCatalog, String defaultSchema)
   at NHibernate.Cfg.Configuration.GenerateSchemaCreationScript(Dialect dialect)
   at NHibernate.Tool.hbm2ddl.SchemaExport.Initialize()
   at NHibernate.Tool.hbm2ddl.SchemaExport.Execute(Action`1 scriptAction, Boolean export, Boolean justDrop)
   at NHibernate.Tool.hbm2ddl.SchemaExport.Execute(Boolean script, Boolean export, Boolean justDrop)
   at TP.Config.ConnectionConfig.loadPatientConfig() in C:\Users\Tino\Desktop\TP\TP\config\ConnectionConfig.cs:line 18
   at TPTest.TestPatient.testCreate() in C:\Users\Tino\Desktop\TP\TPTest\repository\TestPatient.cs:line 31
   at TPTest.TestPatient.TestAllPatient() in C:\Users\Tino\Desktop\TP\TPTest\repository\TestPatient.cs:line 23
</StackTrace>
        </ErrorInfo>
      </Output>
    </UnitTestResult>
    <UnitTestResult executionId="a6ec8dba-ae90-4798-8ca5-e117468acfb2" testId="a4aaea69-8e99-80da-06a2-51caab4d2873" testName="TestAllPatientAddress" computerName="TINO-PC" duration="00:00:00.1117928" startTime="2014-10-14T13:32:05.6801199-07:00" endTime="2014-10-14T13:32:05.9281341-07:00" testType="13cdc9d9-ddb5-4fa4-a97d-d965ccfc6d4b" outcome="Failed" testListId="8c84fa94-04c1-424b-9868-57a2d4851a1d" relativeResultsDirectory="a6ec8dba-ae90-4798-8ca5-e117468acfb2">
      <Output>
        <ErrorInfo>
          <Message>Test method TPTest.repository.TestPatientAddress.TestAllPatientAddress threw exception: 
NHibernate.MappingException: Could not determine type for: TP.Domain.interger, TP, for columns: NHibernate.Mapping.Column(change)</Message>
          <StackTrace>    at NHibernate.Mapping.SimpleValue.get_Type()
   at NHibernate.Mapping.Column.GetSqlTypeCode(IMapping mapping)
   at NHibernate.Mapping.Column.GetDialectTypeName(Dialect dialect, IMapping mapping)
   at NHibernate.Mapping.Table.SqlCreateString(Dialect dialect, IMapping p, String defaultCatalog, String defaultSchema)
   at NHibernate.Cfg.Configuration.GenerateSchemaCreationScript(Dialect dialect)
   at NHibernate.Tool.hbm2ddl.SchemaExport.Initialize()
   at NHibernate.Tool.hbm2ddl.SchemaExport.Execute(Action`1 scriptAction, Boolean export, Boolean justDrop)
   at NHibernate.Tool.hbm2ddl.SchemaExport.Execute(Boolean script, Boolean export, Boolean justDrop)
   at TP.Config.ConnectionConfig.loadPatientConfig() in C:\Users\Tino\Desktop\TP\TP\config\ConnectionConfig.cs:line 18
   at TPTest.repository.TestPatientAddress.testCreate() in C:\Users\Tino\Desktop\TP\TPTest\repository\TestPatientAddress.cs:line 30
   at TPTest.repository.TestPatientAddress.TestAllPatientAddress() in C:\Users\Tino\Desktop\TP\TPTest\repository\TestPatientAddress.cs:line 22
</StackTrace>
        </ErrorInfo>
      </Output>
    </UnitTestResult>
    <UnitTestResult executionId="0f4805bc-33eb-443b-9322-65dcc53b656e" testId="d023ff9b-12c5-5440-f6f4-f338c74d902d" testName="TestAllPayment" computerName="TINO-PC" duration="00:00:00.2003280" startTime="2014-10-14T13:32:06.1271455-07:00" endTime="2014-10-14T13:32:06.6441751-07:00" testType="13cdc9d9-ddb5-4fa4-a97d-d965ccfc6d4b" outcome="Failed" testListId="8c84fa94-04c1-424b-9868-57a2d4851a1d" relativeResultsDirectory="0f4805bc-33eb-443b-9322-65dcc53b656e">
      <Output>
        <ErrorInfo>
          <Message>Test method TPTest.Repository.TestPayment.TestAllPayment threw exception: 
NHibernate.MappingException: Could not determine type for: TP.Domain.interger, TP, for columns: NHibernate.Mapping.Column(change)</Message>
          <StackTrace>    at NHibernate.Mapping.SimpleValue.get_Type()
   at NHibernate.Mapping.Column.GetSqlTypeCode(IMapping mapping)
   at NHibernate.Mapping.Column.GetDialectTypeName(Dialect dialect, IMapping mapping)
   at NHibernate.Mapping.Table.SqlCreateString(Dialect dialect, IMapping p, String defaultCatalog, String defaultSchema)
   at NHibernate.Cfg.Configuration.GenerateSchemaCreationScript(Dialect dialect)
   at NHibernate.Tool.hbm2ddl.SchemaExport.Initialize()
   at NHibernate.Tool.hbm2ddl.SchemaExport.Execute(Action`1 scriptAction, Boolean export, Boolean justDrop)
   at NHibernate.Tool.hbm2ddl.SchemaExport.Execute(Boolean script, Boolean export, Boolean justDrop)
   at TP.Config.ConnectionConfig.loadPaymentConfig() in C:\Users\Tino\Desktop\TP\TP\config\ConnectionConfig.cs:line 58
   at TPTest.Repository.TestPayment.testCreate() in C:\Users\Tino\Desktop\TP\TPTest\repository\TestPayment.cs:line 28
   at TPTest.Repository.TestPayment.TestAllPayment() in C:\Users\Tino\Desktop\TP\TPTest\repository\TestPayment.cs:line 20
</StackTrace>
        </ErrorInfo>
      </Output>
    </UnitTestResult>
    <UnitTestResult executionId="d6ce4025-96f1-47f3-8d6c-98204d4878f3" testId="ef02c3d0-ff67-1dfc-598e-2b27d85d78c5" testName="TestAllPaymentData" computerName="TINO-PC" duration="00:00:00.4416495" startTime="2014-10-14T13:32:06.8301857-07:00" endTime="2014-10-14T13:32:07.4282199-07:00" testType="13cdc9d9-ddb5-4fa4-a97d-d965ccfc6d4b" outcome="Failed" testListId="8c84fa94-04c1-424b-9868-57a2d4851a1d" relativeResultsDirectory="d6ce4025-96f1-47f3-8d6c-98204d4878f3">
      <Output>
        <ErrorInfo>
          <Message>Test method TPTest.Repository.TestPaymentData.TestAllPaymentData threw exception: 
NHibernate.MappingException: Could not determine type for: TP.Domain.interger, TP, for columns: NHibernate.Mapping.Column(change)</Message>
          <StackTrace>    at NHibernate.Mapping.SimpleValue.get_Type()
   at NHibernate.Mapping.Column.GetSqlTypeCode(IMapping mapping)
   at NHibernate.Mapping.Column.GetDialectTypeName(Dialect dialect, IMapping mapping)
   at NHibernate.Mapping.Table.SqlCreateString(Dialect dialect, IMapping p, String defaultCatalog, String defaultSchema)
   at NHibernate.Cfg.Configuration.GenerateSchemaCreationScript(Dialect dialect)
   at NHibernate.Tool.hbm2ddl.SchemaExport.Initialize()
   at NHibernate.Tool.hbm2ddl.SchemaExport.Execute(Action`1 scriptAction, Boolean export, Boolean justDrop)
   at NHibernate.Tool.hbm2ddl.SchemaExport.Execute(Boolean script, Boolean export, Boolean justDrop)
   at TP.Config.ConnectionConfig.loadPaymentDataConfig() in C:\Users\Tino\Desktop\TP\TP\config\ConnectionConfig.cs:line 66
   at TPTest.Repository.TestPaymentData.testCreate() in C:\Users\Tino\Desktop\TP\TPTest\repository\TestPaymentData.cs:line 28
   at TPTest.Repository.TestPaymentData.TestAllPaymentData() in C:\Users\Tino\Desktop\TP\TPTest\repository\TestPaymentData.cs:line 20
</StackTrace>
        </ErrorInfo>
      </Output>
    </UnitTestResult>
    <UnitTestResult executionId="2e77b638-2bdf-424d-b09f-d6b65d36361f" testId="f44b82e6-9fa6-66d0-f37d-d7eea6349f41" testName="TestAllEmployee" computerName="TINO-PC" duration="00:00:00.1137802" startTime="2014-10-14T13:32:07.6222310-07:00" endTime="2014-10-14T13:32:08.0202538-07:00" testType="13cdc9d9-ddb5-4fa4-a97d-d965ccfc6d4b" outcome="Failed" testListId="8c84fa94-04c1-424b-9868-57a2d4851a1d" relativeResultsDirectory="2e77b638-2bdf-424d-b09f-d6b65d36361f">
      <Output>
        <ErrorInfo>
          <Message>Test method TPTest.Repository.TestEmployee.TestAllEmployee threw exception: 
NHibernate.MappingException: Could not determine type for: TP.Domain.interger, TP, for columns: NHibernate.Mapping.Column(change)</Message>
          <StackTrace>    at NHibernate.Mapping.SimpleValue.get_Type()
   at NHibernate.Mapping.Column.GetSqlTypeCode(IMapping mapping)
   at NHibernate.Mapping.Column.GetDialectTypeName(Dialect dialect, IMapping mapping)
   at NHibernate.Mapping.Table.SqlCreateString(Dialect dialect, IMapping p, String defaultCatalog, String defaultSchema)
   at NHibernate.Cfg.Configuration.GenerateSchemaCreationScript(Dialect dialect)
   at NHibernate.Tool.hbm2ddl.SchemaExport.Initialize()
   at NHibernate.Tool.hbm2ddl.SchemaExport.Execute(Action`1 scriptAction, Boolean export, Boolean justDrop)
   at NHibernate.Tool.hbm2ddl.SchemaExport.Execute(Boolean script, Boolean export, Boolean justDrop)
   at TP.Config.ConnectionConfig.loadEmployeeConfig() in C:\Users\Tino\Desktop\TP\TP\config\ConnectionConfig.cs:line 42
   at TPTest.Repository.TestEmployee.testCreate() in C:\Users\Tino\Desktop\TP\TPTest\repository\TestEmployee.cs:line 28
   at TPTest.Repository.TestEmployee.TestAllEmployee() in C:\Users\Tino\Desktop\TP\TPTest\repository\TestEmployee.cs:line 20
</StackTrace>
        </ErrorInfo>
      </Output>
    </UnitTestResult>
  </Results>
</TestRun>