<?xml version="1.0" encoding="UTF-8"?>
<TestRun id="08b21f29-d53b-44f7-8331-5ce117fad116" name="Tino@TINO-PC 2014-10-14 10:29:18" runUser="Tino-PC\Tino" xmlns="http://microsoft.com/schemas/VisualStudio/TeamTest/2010">
  <TestSettings name="Local" id="3caa583e-b5f9-4780-b502-695f744f7d3c">
    <Description>These are default test settings for a local test run.</Description>
    <Deployment enabled="false" runDeploymentRoot="Tino_TINO-PC 2014-10-14 10_29_18">
      <DeploymentItem filename="C:\Users\Tino\Desktop\TP\TP\bin\Debug\NHibernate.dll" />
      <DeploymentItem filename="C:\Users\Tino\Desktop\TP\TP\bin\Debug\Iesi.Collections.dll" />
      <DeploymentItem filename="C:\Users\Tino\Desktop\TP\TP\bin\Debug\System.Data.SqlServerCe.dll" />
      <DeploymentItem filename="C:\Users\Tino\Desktop\TP\TP\bin\Debug\TP.exe" />
    </Deployment>
    <Execution>
      <TestTypeSpecific />
      <AgentRule name="Execution Agents">
      </AgentRule>
    </Execution>
  </TestSettings>
  <Times creation="2014-10-14T10:29:18.0372127-07:00" queuing="2014-10-14T10:29:31.6839933-07:00" start="2014-10-14T10:29:32.6540487-07:00" finish="2014-10-14T10:29:52.7161962-07:00" />
  <ResultSummary outcome="Failed">
    <Counters total="9" executed="9" error="0" failed="9" timeout="0" aborted="0" inconclusive="0" passedButRunAborted="0" notRunnable="0" notExecuted="0" disconnected="0" warning="0" passed="0" completed="0" inProgress="0" pending="0" />
  </ResultSummary>
  <TestDefinitions>
    <UnitTest name="TestAllAuthorizer" storage="c:\users\tino\desktop\tp\tptest\bin\debug\tptest.dll" id="5afea8c9-d3ab-4ebf-9553-a2458d7ea6cf">
      <Execution id="470659e0-e45a-4fee-9de9-b3b3c8a2cc72" />
      <TestMethod codeBase="C:/Users/Tino/Desktop/TP/TPTest/bin/Debug/TPTest.DLL" adapterTypeName="Microsoft.VisualStudio.TestTools.TestTypes.Unit.UnitTestAdapter, Microsoft.VisualStudio.QualityTools.Tips.UnitTest.Adapter, Version=10.0.0.0, Culture=neutral, PublicKeyToken=b03f5f7f11d50a3a" className="TPTest.repository.TestAuthorizer, TPTest, Version=1.0.0.0, Culture=neutral, PublicKeyToken=null" name="TestAllAuthorizer" />
    </UnitTest>
    <UnitTest name="TestAllEmployee" storage="c:\users\tino\desktop\tp\tptest\bin\debug\tptest.dll" id="f44b82e6-9fa6-66d0-f37d-d7eea6349f41">
      <Execution id="ee5356a2-4476-48f4-9bc0-f334c1635771" />
      <TestMethod codeBase="C:/Users/Tino/Desktop/TP/TPTest/bin/Debug/TPTest.DLL" adapterTypeName="Microsoft.VisualStudio.TestTools.TestTypes.Unit.UnitTestAdapter, Microsoft.VisualStudio.QualityTools.Tips.UnitTest.Adapter, Version=10.0.0.0, Culture=neutral, PublicKeyToken=b03f5f7f11d50a3a" className="TPTest.Repository.TestEmployee, TPTest, Version=1.0.0.0, Culture=neutral, PublicKeyToken=null" name="TestAllEmployee" />
    </UnitTest>
    <UnitTest name="TestAllPatientAddress" storage="c:\users\tino\desktop\tp\tptest\bin\debug\tptest.dll" id="a4aaea69-8e99-80da-06a2-51caab4d2873">
      <Execution id="a9506d0c-1768-4178-b097-3bb62d7779d5" />
      <TestMethod codeBase="C:/Users/Tino/Desktop/TP/TPTest/bin/Debug/TPTest.DLL" adapterTypeName="Microsoft.VisualStudio.TestTools.TestTypes.Unit.UnitTestAdapter, Microsoft.VisualStudio.QualityTools.Tips.UnitTest.Adapter, Version=10.0.0.0, Culture=neutral, PublicKeyToken=b03f5f7f11d50a3a" className="TPTest.repository.TestPatientAddress, TPTest, Version=1.0.0.0, Culture=neutral, PublicKeyToken=null" name="TestAllPatientAddress" />
    </UnitTest>
    <UnitTest name="TestAllTerminalUser" storage="c:\users\tino\desktop\tp\tptest\bin\debug\tptest.dll" id="47ca51c2-3965-9371-4f2b-e7525cbf149b">
      <Execution id="21dbbd09-67f9-4300-a69d-10a356ad156e" />
      <TestMethod codeBase="C:/Users/Tino/Desktop/TP/TPTest/bin/Debug/TPTest.DLL" adapterTypeName="Microsoft.VisualStudio.TestTools.TestTypes.Unit.UnitTestAdapter, Microsoft.VisualStudio.QualityTools.Tips.UnitTest.Adapter, Version=10.0.0.0, Culture=neutral, PublicKeyToken=b03f5f7f11d50a3a" className="TPTest.Repository.TestTerminalUser, TPTest, Version=1.0.0.0, Culture=neutral, PublicKeyToken=null" name="TestAllTerminalUser" />
    </UnitTest>
    <UnitTest name="TestAllAppoinment" storage="c:\users\tino\desktop\tp\tptest\bin\debug\tptest.dll" id="3d41bc01-b249-954e-ed91-c15c60ffeea0">
      <Execution id="6614a948-0c40-4e8a-8256-4c33a3746322" />
      <TestMethod codeBase="C:/Users/Tino/Desktop/TP/TPTest/bin/Debug/TPTest.DLL" adapterTypeName="Microsoft.VisualStudio.TestTools.TestTypes.Unit.UnitTestAdapter, Microsoft.VisualStudio.QualityTools.Tips.UnitTest.Adapter, Version=10.0.0.0, Culture=neutral, PublicKeyToken=b03f5f7f11d50a3a" className="TPTest.Repository.TestAppointment, TPTest, Version=1.0.0.0, Culture=neutral, PublicKeyToken=null" name="TestAllAppoinment" />
    </UnitTest>
    <UnitTest name="TestAllPatient" storage="c:\users\tino\desktop\tp\tptest\bin\debug\tptest.dll" id="6e26cf5a-168a-510e-410f-d0545d2f9604">
      <Execution id="1b029a7a-aa90-4577-918e-e0322d210140" />
      <TestMethod codeBase="C:/Users/Tino/Desktop/TP/TPTest/bin/Debug/TPTest.DLL" adapterTypeName="Microsoft.VisualStudio.TestTools.TestTypes.Unit.UnitTestAdapter, Microsoft.VisualStudio.QualityTools.Tips.UnitTest.Adapter, Version=10.0.0.0, Culture=neutral, PublicKeyToken=b03f5f7f11d50a3a" className="TPTest.TestPatient, TPTest, Version=1.0.0.0, Culture=neutral, PublicKeyToken=null" name="TestAllPatient" />
    </UnitTest>
    <UnitTest name="TestAllProcedures" storage="c:\users\tino\desktop\tp\tptest\bin\debug\tptest.dll" id="52433816-34f4-2a6c-a0bc-1c1ffc38cbb9">
      <Execution id="fd74545d-7787-4d9c-af84-716fa47cccd3" />
      <TestMethod codeBase="C:/Users/Tino/Desktop/TP/TPTest/bin/Debug/TPTest.DLL" adapterTypeName="Microsoft.VisualStudio.TestTools.TestTypes.Unit.UnitTestAdapter, Microsoft.VisualStudio.QualityTools.Tips.UnitTest.Adapter, Version=10.0.0.0, Culture=neutral, PublicKeyToken=b03f5f7f11d50a3a" className="TPTest.Repository.TestProcedure, TPTest, Version=1.0.0.0, Culture=neutral, PublicKeyToken=null" name="TestAllProcedures" />
    </UnitTest>
    <UnitTest name="TestAllPaymentData" storage="c:\users\tino\desktop\tp\tptest\bin\debug\tptest.dll" id="ef02c3d0-ff67-1dfc-598e-2b27d85d78c5">
      <Execution id="efd92615-ec56-4426-85f4-080bdc19ac52" />
      <TestMethod codeBase="C:/Users/Tino/Desktop/TP/TPTest/bin/Debug/TPTest.DLL" adapterTypeName="Microsoft.VisualStudio.TestTools.TestTypes.Unit.UnitTestAdapter, Microsoft.VisualStudio.QualityTools.Tips.UnitTest.Adapter, Version=10.0.0.0, Culture=neutral, PublicKeyToken=b03f5f7f11d50a3a" className="TPTest.Repository.TestPaymentData, TPTest, Version=1.0.0.0, Culture=neutral, PublicKeyToken=null" name="TestAllPaymentData" />
    </UnitTest>
    <UnitTest name="TestAllPayment" storage="c:\users\tino\desktop\tp\tptest\bin\debug\tptest.dll" id="d023ff9b-12c5-5440-f6f4-f338c74d902d">
      <Execution id="f88e3063-4c7f-4f2d-b8ff-14e28d9ee208" />
      <TestMethod codeBase="C:/Users/Tino/Desktop/TP/TPTest/bin/Debug/TPTest.DLL" adapterTypeName="Microsoft.VisualStudio.TestTools.TestTypes.Unit.UnitTestAdapter, Microsoft.VisualStudio.QualityTools.Tips.UnitTest.Adapter, Version=10.0.0.0, Culture=neutral, PublicKeyToken=b03f5f7f11d50a3a" className="TPTest.Repository.TestPayment, TPTest, Version=1.0.0.0, Culture=neutral, PublicKeyToken=null" name="TestAllPayment" />
    </UnitTest>
  </TestDefinitions>
  <TestLists>
    <TestList name="Results Not in a List" id="8c84fa94-04c1-424b-9868-57a2d4851a1d" />
    <TestList name="All Loaded Results" id="19431567-8539-422a-85d7-44ee4e166bda" />
  </TestLists>
  <TestEntries>
    <TestEntry testId="3d41bc01-b249-954e-ed91-c15c60ffeea0" executionId="6614a948-0c40-4e8a-8256-4c33a3746322" testListId="8c84fa94-04c1-424b-9868-57a2d4851a1d" />
    <TestEntry testId="47ca51c2-3965-9371-4f2b-e7525cbf149b" executionId="21dbbd09-67f9-4300-a69d-10a356ad156e" testListId="8c84fa94-04c1-424b-9868-57a2d4851a1d" />
    <TestEntry testId="52433816-34f4-2a6c-a0bc-1c1ffc38cbb9" executionId="fd74545d-7787-4d9c-af84-716fa47cccd3" testListId="8c84fa94-04c1-424b-9868-57a2d4851a1d" />
    <TestEntry testId="5afea8c9-d3ab-4ebf-9553-a2458d7ea6cf" executionId="470659e0-e45a-4fee-9de9-b3b3c8a2cc72" testListId="8c84fa94-04c1-424b-9868-57a2d4851a1d" />
    <TestEntry testId="6e26cf5a-168a-510e-410f-d0545d2f9604" executionId="1b029a7a-aa90-4577-918e-e0322d210140" testListId="8c84fa94-04c1-424b-9868-57a2d4851a1d" />
    <TestEntry testId="a4aaea69-8e99-80da-06a2-51caab4d2873" executionId="a9506d0c-1768-4178-b097-3bb62d7779d5" testListId="8c84fa94-04c1-424b-9868-57a2d4851a1d" />
    <TestEntry testId="d023ff9b-12c5-5440-f6f4-f338c74d902d" executionId="f88e3063-4c7f-4f2d-b8ff-14e28d9ee208" testListId="8c84fa94-04c1-424b-9868-57a2d4851a1d" />
    <TestEntry testId="ef02c3d0-ff67-1dfc-598e-2b27d85d78c5" executionId="efd92615-ec56-4426-85f4-080bdc19ac52" testListId="8c84fa94-04c1-424b-9868-57a2d4851a1d" />
    <TestEntry testId="f44b82e6-9fa6-66d0-f37d-d7eea6349f41" executionId="ee5356a2-4476-48f4-9bc0-f334c1635771" testListId="8c84fa94-04c1-424b-9868-57a2d4851a1d" />
  </TestEntries>
  <Results>
    <UnitTestResult executionId="6614a948-0c40-4e8a-8256-4c33a3746322" testId="3d41bc01-b249-954e-ed91-c15c60ffeea0" testName="TestAllAppoinment" computerName="TINO-PC" duration="00:00:15.4621937" startTime="2014-10-14T10:29:32.8970626-07:00" endTime="2014-10-14T10:29:51.4991266-07:00" testType="13cdc9d9-ddb5-4fa4-a97d-d965ccfc6d4b" outcome="Failed" testListId="8c84fa94-04c1-424b-9868-57a2d4851a1d" relativeResultsDirectory="6614a948-0c40-4e8a-8256-4c33a3746322">
      <Output>
        <ErrorInfo>
          <Message>Test method TPTest.Repository.TestAppointment.TestAllAppoinment threw exception: 
NHibernate.HibernateException: Unknown connection option in connection string: server. ---&gt; System.ArgumentException: Unknown connection option in connection string: server.</Message>
          <StackTrace>    at System.Data.SqlServerCe.ConStringUtil.ParseStringIntoHashtable(String conString, Hashtable values)
   at System.Data.SqlServerCe.ConStringUtil.ParseConnectionString(String&amp; connectionString)
   at System.Data.SqlServerCe.SqlCeConnection.set_ConnectionString(String value)
   at NHibernate.Connection.DriverConnectionProvider.GetConnection()
   at NHibernate.Tool.hbm2ddl.SchemaExport.Execute(Action`1 scriptAction, Boolean export, Boolean justDrop)
 --- End of inner exception stack trace ---
    at NHibernate.Tool.hbm2ddl.SchemaExport.Execute(Action`1 scriptAction, Boolean export, Boolean justDrop)
   at NHibernate.Tool.hbm2ddl.SchemaExport.Execute(Boolean script, Boolean export, Boolean justDrop)
   at TP.Config.ConnectionConfig.loadAppointmentConfig() in C:\Users\Tino\Desktop\TP\TP\config\ConnectionConfig.cs:line 34
   at TPTest.Repository.TestAppointment.testCreate() in C:\Users\Tino\Desktop\TP\TPTest\repository\TestAppointment.cs:line 29
   at TPTest.Repository.TestAppointment.TestAllAppoinment() in C:\Users\Tino\Desktop\TP\TPTest\repository\TestAppointment.cs:line 21
</StackTrace>
        </ErrorInfo>
      </Output>
    </UnitTestResult>
    <UnitTestResult executionId="21dbbd09-67f9-4300-a69d-10a356ad156e" testId="47ca51c2-3965-9371-4f2b-e7525cbf149b" testName="TestAllTerminalUser" computerName="TINO-PC" duration="00:00:00.0550038" startTime="2014-10-14T10:29:51.5171276-07:00" endTime="2014-10-14T10:29:51.5891318-07:00" testType="13cdc9d9-ddb5-4fa4-a97d-d965ccfc6d4b" outcome="Failed" testListId="8c84fa94-04c1-424b-9868-57a2d4851a1d" relativeResultsDirectory="21dbbd09-67f9-4300-a69d-10a356ad156e">
      <Output>
        <ErrorInfo>
          <Message>Test method TPTest.Repository.TestTerminalUser.TestAllTerminalUser threw exception: 
NHibernate.HibernateException: Unknown connection option in connection string: server. ---&gt; System.ArgumentException: Unknown connection option in connection string: server.</Message>
          <StackTrace>    at System.Data.SqlServerCe.ConStringUtil.ParseStringIntoHashtable(String conString, Hashtable values)
   at System.Data.SqlServerCe.ConStringUtil.ParseConnectionString(String&amp; connectionString)
   at System.Data.SqlServerCe.SqlCeConnection.set_ConnectionString(String value)
   at NHibernate.Connection.DriverConnectionProvider.GetConnection()
   at NHibernate.Tool.hbm2ddl.SchemaExport.Execute(Action`1 scriptAction, Boolean export, Boolean justDrop)
 --- End of inner exception stack trace ---
    at NHibernate.Tool.hbm2ddl.SchemaExport.Execute(Action`1 scriptAction, Boolean export, Boolean justDrop)
   at NHibernate.Tool.hbm2ddl.SchemaExport.Execute(Boolean script, Boolean export, Boolean justDrop)
   at TP.Config.ConnectionConfig.loadPatientAddressConfig() in C:\Users\Tino\Desktop\TP\TP\config\ConnectionConfig.cs:line 90
   at TPTest.Repository.TestTerminalUser.testCreate() in C:\Users\Tino\Desktop\TP\TPTest\repository\TestTerminalUser.cs:line 28
   at TPTest.Repository.TestTerminalUser.TestAllTerminalUser() in C:\Users\Tino\Desktop\TP\TPTest\repository\TestTerminalUser.cs:line 20
</StackTrace>
        </ErrorInfo>
      </Output>
    </UnitTestResult>
    <UnitTestResult executionId="fd74545d-7787-4d9c-af84-716fa47cccd3" testId="52433816-34f4-2a6c-a0bc-1c1ffc38cbb9" testName="TestAllProcedures" computerName="TINO-PC" duration="00:00:00.0774409" startTime="2014-10-14T10:29:51.6911376-07:00" endTime="2014-10-14T10:29:51.8071442-07:00" testType="13cdc9d9-ddb5-4fa4-a97d-d965ccfc6d4b" outcome="Failed" testListId="8c84fa94-04c1-424b-9868-57a2d4851a1d" relativeResultsDirectory="fd74545d-7787-4d9c-af84-716fa47cccd3">
      <Output>
        <ErrorInfo>
          <Message>Test method TPTest.Repository.TestProcedure.TestAllProcedures threw exception: 
NHibernate.HibernateException: Unknown connection option in connection string: server. ---&gt; System.ArgumentException: Unknown connection option in connection string: server.</Message>
          <StackTrace>    at System.Data.SqlServerCe.ConStringUtil.ParseStringIntoHashtable(String conString, Hashtable values)
   at System.Data.SqlServerCe.ConStringUtil.ParseConnectionString(String&amp; connectionString)
   at System.Data.SqlServerCe.SqlCeConnection.set_ConnectionString(String value)
   at NHibernate.Connection.DriverConnectionProvider.GetConnection()
   at NHibernate.Tool.hbm2ddl.SchemaExport.Execute(Action`1 scriptAction, Boolean export, Boolean justDrop)
 --- End of inner exception stack trace ---
    at NHibernate.Tool.hbm2ddl.SchemaExport.Execute(Action`1 scriptAction, Boolean export, Boolean justDrop)
   at NHibernate.Tool.hbm2ddl.SchemaExport.Execute(Boolean script, Boolean export, Boolean justDrop)
   at TP.Config.ConnectionConfig.loadProcedureConfig() in C:\Users\Tino\Desktop\TP\TP\config\ConnectionConfig.cs:line 74
   at TPTest.Repository.TestProcedure.testCreate() in C:\Users\Tino\Desktop\TP\TPTest\repository\TestProcedure.cs:line 28
   at TPTest.Repository.TestProcedure.TestAllProcedures() in C:\Users\Tino\Desktop\TP\TPTest\repository\TestProcedure.cs:line 20
</StackTrace>
        </ErrorInfo>
      </Output>
    </UnitTestResult>
    <UnitTestResult executionId="470659e0-e45a-4fee-9de9-b3b3c8a2cc72" testId="5afea8c9-d3ab-4ebf-9553-a2458d7ea6cf" testName="TestAllAuthorizer" computerName="TINO-PC" duration="00:00:00.0659155" startTime="2014-10-14T10:29:51.8291455-07:00" endTime="2014-10-14T10:29:51.9211507-07:00" testType="13cdc9d9-ddb5-4fa4-a97d-d965ccfc6d4b" outcome="Failed" testListId="8c84fa94-04c1-424b-9868-57a2d4851a1d" relativeResultsDirectory="470659e0-e45a-4fee-9de9-b3b3c8a2cc72">
      <Output>
        <ErrorInfo>
          <Message>Test method TPTest.repository.TestAuthorizer.TestAllAuthorizer threw exception: 
NHibernate.HibernateException: Unknown connection option in connection string: server. ---&gt; System.ArgumentException: Unknown connection option in connection string: server.</Message>
          <StackTrace>    at System.Data.SqlServerCe.ConStringUtil.ParseStringIntoHashtable(String conString, Hashtable values)
   at System.Data.SqlServerCe.ConStringUtil.ParseConnectionString(String&amp; connectionString)
   at System.Data.SqlServerCe.SqlCeConnection.set_ConnectionString(String value)
   at NHibernate.Connection.DriverConnectionProvider.GetConnection()
   at NHibernate.Tool.hbm2ddl.SchemaExport.Execute(Action`1 scriptAction, Boolean export, Boolean justDrop)
 --- End of inner exception stack trace ---
    at NHibernate.Tool.hbm2ddl.SchemaExport.Execute(Action`1 scriptAction, Boolean export, Boolean justDrop)
   at NHibernate.Tool.hbm2ddl.SchemaExport.Execute(Boolean script, Boolean export, Boolean justDrop)
   at TP.Config.ConnectionConfig.loadAuthorizerConfig() in C:\Users\Tino\Desktop\TP\TP\config\ConnectionConfig.cs:line 98
   at TPTest.repository.TestAuthorizer.testCreate() in C:\Users\Tino\Desktop\TP\TPTest\repository\TestAuthorizer.cs:line 28
   at TPTest.repository.TestAuthorizer.TestAllAuthorizer() in C:\Users\Tino\Desktop\TP\TPTest\repository\TestAuthorizer.cs:line 20
</StackTrace>
        </ErrorInfo>
      </Output>
    </UnitTestResult>
    <UnitTestResult executionId="1b029a7a-aa90-4577-918e-e0322d210140" testId="6e26cf5a-168a-510e-410f-d0545d2f9604" testName="TestAllPatient" computerName="TINO-PC" duration="00:00:00.0675719" startTime="2014-10-14T10:29:51.9501524-07:00" endTime="2014-10-14T10:29:52.0351573-07:00" testType="13cdc9d9-ddb5-4fa4-a97d-d965ccfc6d4b" outcome="Failed" testListId="8c84fa94-04c1-424b-9868-57a2d4851a1d" relativeResultsDirectory="1b029a7a-aa90-4577-918e-e0322d210140">
      <Output>
        <ErrorInfo>
          <Message>Test method TPTest.TestPatient.TestAllPatient threw exception: 
NHibernate.HibernateException: Unknown connection option in connection string: server. ---&gt; System.ArgumentException: Unknown connection option in connection string: server.</Message>
          <StackTrace>    at System.Data.SqlServerCe.ConStringUtil.ParseStringIntoHashtable(String conString, Hashtable values)
   at System.Data.SqlServerCe.ConStringUtil.ParseConnectionString(String&amp; connectionString)
   at System.Data.SqlServerCe.SqlCeConnection.set_ConnectionString(String value)
   at NHibernate.Connection.DriverConnectionProvider.GetConnection()
   at NHibernate.Tool.hbm2ddl.SchemaExport.Execute(Action`1 scriptAction, Boolean export, Boolean justDrop)
 --- End of inner exception stack trace ---
    at NHibernate.Tool.hbm2ddl.SchemaExport.Execute(Action`1 scriptAction, Boolean export, Boolean justDrop)
   at NHibernate.Tool.hbm2ddl.SchemaExport.Execute(Boolean script, Boolean export, Boolean justDrop)
   at TP.Config.ConnectionConfig.loadPatientConfig() in C:\Users\Tino\Desktop\TP\TP\config\ConnectionConfig.cs:line 18
   at TPTest.TestPatient.testCreate() in C:\Users\Tino\Desktop\TP\TPTest\repository\TestPatient.cs:line 31
   at TPTest.TestPatient.TestAllPatient() in C:\Users\Tino\Desktop\TP\TPTest\repository\TestPatient.cs:line 23
</StackTrace>
        </ErrorInfo>
      </Output>
    </UnitTestResult>
    <UnitTestResult executionId="a9506d0c-1768-4178-b097-3bb62d7779d5" testId="a4aaea69-8e99-80da-06a2-51caab4d2873" testName="TestAllPatientAddress" computerName="TINO-PC" duration="00:00:00.0610069" startTime="2014-10-14T10:29:52.0531583-07:00" endTime="2014-10-14T10:29:52.1381632-07:00" testType="13cdc9d9-ddb5-4fa4-a97d-d965ccfc6d4b" outcome="Failed" testListId="8c84fa94-04c1-424b-9868-57a2d4851a1d" relativeResultsDirectory="a9506d0c-1768-4178-b097-3bb62d7779d5">
      <Output>
        <ErrorInfo>
          <Message>Test method TPTest.repository.TestPatientAddress.TestAllPatientAddress threw exception: 
NHibernate.HibernateException: Unknown connection option in connection string: server. ---&gt; System.ArgumentException: Unknown connection option in connection string: server.</Message>
          <StackTrace>    at System.Data.SqlServerCe.ConStringUtil.ParseStringIntoHashtable(String conString, Hashtable values)
   at System.Data.SqlServerCe.ConStringUtil.ParseConnectionString(String&amp; connectionString)
   at System.Data.SqlServerCe.SqlCeConnection.set_ConnectionString(String value)
   at NHibernate.Connection.DriverConnectionProvider.GetConnection()
   at NHibernate.Tool.hbm2ddl.SchemaExport.Execute(Action`1 scriptAction, Boolean export, Boolean justDrop)
 --- End of inner exception stack trace ---
    at NHibernate.Tool.hbm2ddl.SchemaExport.Execute(Action`1 scriptAction, Boolean export, Boolean justDrop)
   at NHibernate.Tool.hbm2ddl.SchemaExport.Execute(Boolean script, Boolean export, Boolean justDrop)
   at TP.Config.ConnectionConfig.loadPatientConfig() in C:\Users\Tino\Desktop\TP\TP\config\ConnectionConfig.cs:line 18
   at TPTest.repository.TestPatientAddress.testCreate() in C:\Users\Tino\Desktop\TP\TPTest\repository\TestPatientAddress.cs:line 30
   at TPTest.repository.TestPatientAddress.TestAllPatientAddress() in C:\Users\Tino\Desktop\TP\TPTest\repository\TestPatientAddress.cs:line 22
</StackTrace>
        </ErrorInfo>
      </Output>
    </UnitTestResult>
    <UnitTestResult executionId="f88e3063-4c7f-4f2d-b8ff-14e28d9ee208" testId="d023ff9b-12c5-5440-f6f4-f338c74d902d" testName="TestAllPayment" computerName="TINO-PC" duration="00:00:00.0927839" startTime="2014-10-14T10:29:52.1681649-07:00" endTime="2014-10-14T10:29:52.2931720-07:00" testType="13cdc9d9-ddb5-4fa4-a97d-d965ccfc6d4b" outcome="Failed" testListId="8c84fa94-04c1-424b-9868-57a2d4851a1d" relativeResultsDirectory="f88e3063-4c7f-4f2d-b8ff-14e28d9ee208">
      <Output>
        <ErrorInfo>
          <Message>Test method TPTest.Repository.TestPayment.TestAllPayment threw exception: 
NHibernate.HibernateException: Unknown connection option in connection string: server. ---&gt; System.ArgumentException: Unknown connection option in connection string: server.</Message>
          <StackTrace>    at System.Data.SqlServerCe.ConStringUtil.ParseStringIntoHashtable(String conString, Hashtable values)
   at System.Data.SqlServerCe.ConStringUtil.ParseConnectionString(String&amp; connectionString)
   at System.Data.SqlServerCe.SqlCeConnection.set_ConnectionString(String value)
   at NHibernate.Connection.DriverConnectionProvider.GetConnection()
   at NHibernate.Tool.hbm2ddl.SchemaExport.Execute(Action`1 scriptAction, Boolean export, Boolean justDrop)
 --- End of inner exception stack trace ---
    at NHibernate.Tool.hbm2ddl.SchemaExport.Execute(Action`1 scriptAction, Boolean export, Boolean justDrop)
   at NHibernate.Tool.hbm2ddl.SchemaExport.Execute(Boolean script, Boolean export, Boolean justDrop)
   at TP.Config.ConnectionConfig.loadPaymentConfig() in C:\Users\Tino\Desktop\TP\TP\config\ConnectionConfig.cs:line 58
   at TPTest.Repository.TestPayment.testCreate() in C:\Users\Tino\Desktop\TP\TPTest\repository\TestPayment.cs:line 28
   at TPTest.Repository.TestPayment.TestAllPayment() in C:\Users\Tino\Desktop\TP\TPTest\repository\TestPayment.cs:line 20
</StackTrace>
        </ErrorInfo>
      </Output>
    </UnitTestResult>
    <UnitTestResult executionId="efd92615-ec56-4426-85f4-080bdc19ac52" testId="ef02c3d0-ff67-1dfc-598e-2b27d85d78c5" testName="TestAllPaymentData" computerName="TINO-PC" duration="00:00:00.0717822" startTime="2014-10-14T10:29:52.3201736-07:00" endTime="2014-10-14T10:29:52.4351802-07:00" testType="13cdc9d9-ddb5-4fa4-a97d-d965ccfc6d4b" outcome="Failed" testListId="8c84fa94-04c1-424b-9868-57a2d4851a1d" relativeResultsDirectory="efd92615-ec56-4426-85f4-080bdc19ac52">
      <Output>
        <ErrorInfo>
          <Message>Test method TPTest.Repository.TestPaymentData.TestAllPaymentData threw exception: 
NHibernate.HibernateException: Unknown connection option in connection string: server. ---&gt; System.ArgumentException: Unknown connection option in connection string: server.</Message>
          <StackTrace>    at System.Data.SqlServerCe.ConStringUtil.ParseStringIntoHashtable(String conString, Hashtable values)
   at System.Data.SqlServerCe.ConStringUtil.ParseConnectionString(String&amp; connectionString)
   at System.Data.SqlServerCe.SqlCeConnection.set_ConnectionString(String value)
   at NHibernate.Connection.DriverConnectionProvider.GetConnection()
   at NHibernate.Tool.hbm2ddl.SchemaExport.Execute(Action`1 scriptAction, Boolean export, Boolean justDrop)
 --- End of inner exception stack trace ---
    at NHibernate.Tool.hbm2ddl.SchemaExport.Execute(Action`1 scriptAction, Boolean export, Boolean justDrop)
   at NHibernate.Tool.hbm2ddl.SchemaExport.Execute(Boolean script, Boolean export, Boolean justDrop)
   at TP.Config.ConnectionConfig.loadPaymentDataConfig() in C:\Users\Tino\Desktop\TP\TP\config\ConnectionConfig.cs:line 66
   at TPTest.Repository.TestPaymentData.testCreate() in C:\Users\Tino\Desktop\TP\TPTest\repository\TestPaymentData.cs:line 28
   at TPTest.Repository.TestPaymentData.TestAllPaymentData() in C:\Users\Tino\Desktop\TP\TPTest\repository\TestPaymentData.cs:line 20
</StackTrace>
        </ErrorInfo>
      </Output>
    </UnitTestResult>
    <UnitTestResult executionId="ee5356a2-4476-48f4-9bc0-f334c1635771" testId="f44b82e6-9fa6-66d0-f37d-d7eea6349f41" testName="TestAllEmployee" computerName="TINO-PC" duration="00:00:00.0620798" startTime="2014-10-14T10:29:52.4531812-07:00" endTime="2014-10-14T10:29:52.5381860-07:00" testType="13cdc9d9-ddb5-4fa4-a97d-d965ccfc6d4b" outcome="Failed" testListId="8c84fa94-04c1-424b-9868-57a2d4851a1d" relativeResultsDirectory="ee5356a2-4476-48f4-9bc0-f334c1635771">
      <Output>
        <ErrorInfo>
          <Message>Test method TPTest.Repository.TestEmployee.TestAllEmployee threw exception: 
NHibernate.HibernateException: Unknown connection option in connection string: server. ---&gt; System.ArgumentException: Unknown connection option in connection string: server.</Message>
          <StackTrace>    at System.Data.SqlServerCe.ConStringUtil.ParseStringIntoHashtable(String conString, Hashtable values)
   at System.Data.SqlServerCe.ConStringUtil.ParseConnectionString(String&amp; connectionString)
   at System.Data.SqlServerCe.SqlCeConnection.set_ConnectionString(String value)
   at NHibernate.Connection.DriverConnectionProvider.GetConnection()
   at NHibernate.Tool.hbm2ddl.SchemaExport.Execute(Action`1 scriptAction, Boolean export, Boolean justDrop)
 --- End of inner exception stack trace ---
    at NHibernate.Tool.hbm2ddl.SchemaExport.Execute(Action`1 scriptAction, Boolean export, Boolean justDrop)
   at NHibernate.Tool.hbm2ddl.SchemaExport.Execute(Boolean script, Boolean export, Boolean justDrop)
   at TP.Config.ConnectionConfig.loadEmployeeConfig() in C:\Users\Tino\Desktop\TP\TP\config\ConnectionConfig.cs:line 42
   at TPTest.Repository.TestEmployee.testCreate() in C:\Users\Tino\Desktop\TP\TPTest\repository\TestEmployee.cs:line 28
   at TPTest.Repository.TestEmployee.TestAllEmployee() in C:\Users\Tino\Desktop\TP\TPTest\repository\TestEmployee.cs:line 20
</StackTrace>
        </ErrorInfo>
      </Output>
    </UnitTestResult>
  </Results>
</TestRun>