<?xml version="1.0" encoding="UTF-8"?>
<TestRun id="ebb2c4a3-715b-4d86-bcd0-b1e86721e659" name="Tino@TINO-PC 2014-10-13 14:18:55" runUser="Tino-PC\Tino" xmlns="http://microsoft.com/schemas/VisualStudio/TeamTest/2010">
  <TestSettings name="Local" id="3caa583e-b5f9-4780-b502-695f744f7d3c">
    <Description>These are default test settings for a local test run.</Description>
    <Deployment enabled="false" runDeploymentRoot="Tino_TINO-PC 2014-10-13 14_18_55">
      <DeploymentItem filename="C:\Users\Tino\Desktop\TP\TP\bin\Debug\NHibernate.dll" />
      <DeploymentItem filename="C:\Users\Tino\Desktop\TP\TP\bin\Debug\Iesi.Collections.dll" />
      <DeploymentItem filename="C:\Users\Tino\Desktop\TP\TP\bin\Debug\System.Data.SqlServerCe.dll" />
      <DeploymentItem filename="C:\Users\Tino\Desktop\TP\TP\bin\Debug\TP.exe" />
    </Deployment>
    <Execution>
      <TestTypeSpecific />
      <AgentRule name="Execution Agents">
      </AgentRule>
    </Execution>
  </TestSettings>
  <Times creation="2014-10-13T14:18:55.0248738-07:00" queuing="2014-10-13T14:18:55.1148790-07:00" start="2014-10-13T14:18:55.1768825-07:00" finish="2014-10-13T14:19:01.1462240-07:00" />
  <ResultSummary outcome="Failed">
    <Counters total="9" executed="9" error="0" failed="9" timeout="0" aborted="0" inconclusive="0" passedButRunAborted="0" notRunnable="0" notExecuted="0" disconnected="0" warning="0" passed="0" completed="0" inProgress="0" pending="0" />
  </ResultSummary>
  <TestDefinitions>
    <UnitTest name="TestAllAuthorizer" storage="c:\users\tino\desktop\tp\tptest\bin\debug\tptest.dll" id="5afea8c9-d3ab-4ebf-9553-a2458d7ea6cf">
      <Execution id="4a188903-4e2f-4de1-a2e3-e1ac345bbd80" />
      <TestMethod codeBase="C:/Users/Tino/Desktop/TP/TPTest/bin/Debug/TPTest.DLL" adapterTypeName="Microsoft.VisualStudio.TestTools.TestTypes.Unit.UnitTestAdapter, Microsoft.VisualStudio.QualityTools.Tips.UnitTest.Adapter, Version=10.0.0.0, Culture=neutral, PublicKeyToken=b03f5f7f11d50a3a" className="TPTest.repository.TestAuthorizer, TPTest, Version=1.0.0.0, Culture=neutral, PublicKeyToken=null" name="TestAllAuthorizer" />
    </UnitTest>
    <UnitTest name="TestAllEmployee" storage="c:\users\tino\desktop\tp\tptest\bin\debug\tptest.dll" id="f44b82e6-9fa6-66d0-f37d-d7eea6349f41">
      <Execution id="07ff08fd-0bfe-4e33-9e0c-ba67c00edb1d" />
      <TestMethod codeBase="C:/Users/Tino/Desktop/TP/TPTest/bin/Debug/TPTest.DLL" adapterTypeName="Microsoft.VisualStudio.TestTools.TestTypes.Unit.UnitTestAdapter, Microsoft.VisualStudio.QualityTools.Tips.UnitTest.Adapter, Version=10.0.0.0, Culture=neutral, PublicKeyToken=b03f5f7f11d50a3a" className="TPTest.Repository.TestEmployee, TPTest, Version=1.0.0.0, Culture=neutral, PublicKeyToken=null" name="TestAllEmployee" />
    </UnitTest>
    <UnitTest name="TestAllPatientAddress" storage="c:\users\tino\desktop\tp\tptest\bin\debug\tptest.dll" id="a4aaea69-8e99-80da-06a2-51caab4d2873">
      <Execution id="1b242183-17b6-4cd0-b777-ed23ff9709a8" />
      <TestMethod codeBase="C:/Users/Tino/Desktop/TP/TPTest/bin/Debug/TPTest.DLL" adapterTypeName="Microsoft.VisualStudio.TestTools.TestTypes.Unit.UnitTestAdapter, Microsoft.VisualStudio.QualityTools.Tips.UnitTest.Adapter, Version=10.0.0.0, Culture=neutral, PublicKeyToken=b03f5f7f11d50a3a" className="TPTest.repository.TestPatientAddress, TPTest, Version=1.0.0.0, Culture=neutral, PublicKeyToken=null" name="TestAllPatientAddress" />
    </UnitTest>
    <UnitTest name="TestAllTerminalUser" storage="c:\users\tino\desktop\tp\tptest\bin\debug\tptest.dll" id="47ca51c2-3965-9371-4f2b-e7525cbf149b">
      <Execution id="c37656c2-10da-4654-8c30-5715f5bce144" />
      <TestMethod codeBase="C:/Users/Tino/Desktop/TP/TPTest/bin/Debug/TPTest.DLL" adapterTypeName="Microsoft.VisualStudio.TestTools.TestTypes.Unit.UnitTestAdapter, Microsoft.VisualStudio.QualityTools.Tips.UnitTest.Adapter, Version=10.0.0.0, Culture=neutral, PublicKeyToken=b03f5f7f11d50a3a" className="TPTest.Repository.TestTerminalUser, TPTest, Version=1.0.0.0, Culture=neutral, PublicKeyToken=null" name="TestAllTerminalUser" />
    </UnitTest>
    <UnitTest name="TestAllAppoinment" storage="c:\users\tino\desktop\tp\tptest\bin\debug\tptest.dll" id="3d41bc01-b249-954e-ed91-c15c60ffeea0">
      <Execution id="a37b71d1-b6b4-4ed1-b65d-e1e7308c47f0" />
      <TestMethod codeBase="C:/Users/Tino/Desktop/TP/TPTest/bin/Debug/TPTest.DLL" adapterTypeName="Microsoft.VisualStudio.TestTools.TestTypes.Unit.UnitTestAdapter, Microsoft.VisualStudio.QualityTools.Tips.UnitTest.Adapter, Version=10.0.0.0, Culture=neutral, PublicKeyToken=b03f5f7f11d50a3a" className="TPTest.Repository.TestAppointment, TPTest, Version=1.0.0.0, Culture=neutral, PublicKeyToken=null" name="TestAllAppoinment" />
    </UnitTest>
    <UnitTest name="TestAllPatient" storage="c:\users\tino\desktop\tp\tptest\bin\debug\tptest.dll" id="6e26cf5a-168a-510e-410f-d0545d2f9604">
      <Execution id="d87f7fcf-629c-47d2-a0df-a67a8911f83a" />
      <TestMethod codeBase="C:/Users/Tino/Desktop/TP/TPTest/bin/Debug/TPTest.DLL" adapterTypeName="Microsoft.VisualStudio.TestTools.TestTypes.Unit.UnitTestAdapter, Microsoft.VisualStudio.QualityTools.Tips.UnitTest.Adapter, Version=10.0.0.0, Culture=neutral, PublicKeyToken=b03f5f7f11d50a3a" className="TPTest.TestPatient, TPTest, Version=1.0.0.0, Culture=neutral, PublicKeyToken=null" name="TestAllPatient" />
    </UnitTest>
    <UnitTest name="TestAllProcedures" storage="c:\users\tino\desktop\tp\tptest\bin\debug\tptest.dll" id="52433816-34f4-2a6c-a0bc-1c1ffc38cbb9">
      <Execution id="9fdd7b42-257f-47a3-8cd3-b6328f21d19f" />
      <TestMethod codeBase="C:/Users/Tino/Desktop/TP/TPTest/bin/Debug/TPTest.DLL" adapterTypeName="Microsoft.VisualStudio.TestTools.TestTypes.Unit.UnitTestAdapter, Microsoft.VisualStudio.QualityTools.Tips.UnitTest.Adapter, Version=10.0.0.0, Culture=neutral, PublicKeyToken=b03f5f7f11d50a3a" className="TPTest.Repository.TestProcedure, TPTest, Version=1.0.0.0, Culture=neutral, PublicKeyToken=null" name="TestAllProcedures" />
    </UnitTest>
    <UnitTest name="TestAllPaymentData" storage="c:\users\tino\desktop\tp\tptest\bin\debug\tptest.dll" id="ef02c3d0-ff67-1dfc-598e-2b27d85d78c5">
      <Execution id="79171972-5cf1-4776-9519-c26fda1169a9" />
      <TestMethod codeBase="C:/Users/Tino/Desktop/TP/TPTest/bin/Debug/TPTest.DLL" adapterTypeName="Microsoft.VisualStudio.TestTools.TestTypes.Unit.UnitTestAdapter, Microsoft.VisualStudio.QualityTools.Tips.UnitTest.Adapter, Version=10.0.0.0, Culture=neutral, PublicKeyToken=b03f5f7f11d50a3a" className="TPTest.Repository.TestPaymentData, TPTest, Version=1.0.0.0, Culture=neutral, PublicKeyToken=null" name="TestAllPaymentData" />
    </UnitTest>
    <UnitTest name="TestAllPayment" storage="c:\users\tino\desktop\tp\tptest\bin\debug\tptest.dll" id="d023ff9b-12c5-5440-f6f4-f338c74d902d">
      <Execution id="c9d0dedd-19a4-4cba-83c8-880bd3c78ddb" />
      <TestMethod codeBase="C:/Users/Tino/Desktop/TP/TPTest/bin/Debug/TPTest.DLL" adapterTypeName="Microsoft.VisualStudio.TestTools.TestTypes.Unit.UnitTestAdapter, Microsoft.VisualStudio.QualityTools.Tips.UnitTest.Adapter, Version=10.0.0.0, Culture=neutral, PublicKeyToken=b03f5f7f11d50a3a" className="TPTest.Repository.TestPayment, TPTest, Version=1.0.0.0, Culture=neutral, PublicKeyToken=null" name="TestAllPayment" />
    </UnitTest>
  </TestDefinitions>
  <TestLists>
    <TestList name="Results Not in a List" id="8c84fa94-04c1-424b-9868-57a2d4851a1d" />
    <TestList name="All Loaded Results" id="19431567-8539-422a-85d7-44ee4e166bda" />
  </TestLists>
  <TestEntries>
    <TestEntry testId="3d41bc01-b249-954e-ed91-c15c60ffeea0" executionId="a37b71d1-b6b4-4ed1-b65d-e1e7308c47f0" testListId="8c84fa94-04c1-424b-9868-57a2d4851a1d" />
    <TestEntry testId="47ca51c2-3965-9371-4f2b-e7525cbf149b" executionId="c37656c2-10da-4654-8c30-5715f5bce144" testListId="8c84fa94-04c1-424b-9868-57a2d4851a1d" />
    <TestEntry testId="52433816-34f4-2a6c-a0bc-1c1ffc38cbb9" executionId="9fdd7b42-257f-47a3-8cd3-b6328f21d19f" testListId="8c84fa94-04c1-424b-9868-57a2d4851a1d" />
    <TestEntry testId="5afea8c9-d3ab-4ebf-9553-a2458d7ea6cf" executionId="4a188903-4e2f-4de1-a2e3-e1ac345bbd80" testListId="8c84fa94-04c1-424b-9868-57a2d4851a1d" />
    <TestEntry testId="6e26cf5a-168a-510e-410f-d0545d2f9604" executionId="d87f7fcf-629c-47d2-a0df-a67a8911f83a" testListId="8c84fa94-04c1-424b-9868-57a2d4851a1d" />
    <TestEntry testId="a4aaea69-8e99-80da-06a2-51caab4d2873" executionId="1b242183-17b6-4cd0-b777-ed23ff9709a8" testListId="8c84fa94-04c1-424b-9868-57a2d4851a1d" />
    <TestEntry testId="d023ff9b-12c5-5440-f6f4-f338c74d902d" executionId="c9d0dedd-19a4-4cba-83c8-880bd3c78ddb" testListId="8c84fa94-04c1-424b-9868-57a2d4851a1d" />
    <TestEntry testId="ef02c3d0-ff67-1dfc-598e-2b27d85d78c5" executionId="79171972-5cf1-4776-9519-c26fda1169a9" testListId="8c84fa94-04c1-424b-9868-57a2d4851a1d" />
    <TestEntry testId="f44b82e6-9fa6-66d0-f37d-d7eea6349f41" executionId="07ff08fd-0bfe-4e33-9e0c-ba67c00edb1d" testListId="8c84fa94-04c1-424b-9868-57a2d4851a1d" />
  </TestEntries>
  <Results>
    <UnitTestResult executionId="a37b71d1-b6b4-4ed1-b65d-e1e7308c47f0" testId="3d41bc01-b249-954e-ed91-c15c60ffeea0" testName="TestAllAppoinment" computerName="TINO-PC" duration="00:00:04.2670220" startTime="2014-10-13T14:18:55.2088844-07:00" endTime="2014-10-13T14:19:00.1631677-07:00" testType="13cdc9d9-ddb5-4fa4-a97d-d965ccfc6d4b" outcome="Failed" testListId="8c84fa94-04c1-424b-9868-57a2d4851a1d" relativeResultsDirectory="a37b71d1-b6b4-4ed1-b65d-e1e7308c47f0">
      <Output>
        <ErrorInfo>
          <Message>Test method TPTest.Repository.TestAppointment.TestAllAppoinment threw exception: 
NHibernate.HibernateException: Unknown connection option in connection string: server. ---&gt; System.ArgumentException: Unknown connection option in connection string: server.</Message>
          <StackTrace>    at System.Data.SqlServerCe.ConStringUtil.ParseStringIntoHashtable(String conString, Hashtable values)
   at System.Data.SqlServerCe.ConStringUtil.ParseConnectionString(String&amp; connectionString)
   at System.Data.SqlServerCe.SqlCeConnection.set_ConnectionString(String value)
   at NHibernate.Connection.DriverConnectionProvider.GetConnection()
   at NHibernate.Tool.hbm2ddl.SchemaExport.Execute(Action`1 scriptAction, Boolean export, Boolean justDrop)
 --- End of inner exception stack trace ---
    at NHibernate.Tool.hbm2ddl.SchemaExport.Execute(Action`1 scriptAction, Boolean export, Boolean justDrop)
   at NHibernate.Tool.hbm2ddl.SchemaExport.Execute(Boolean script, Boolean export, Boolean justDrop)
   at TP.Config.ConnectionConfig.loadAppointmentConfig() in C:\Users\Tino\Desktop\TP\TP\config\ConnectionConfig.cs:line 34
   at TPTest.Repository.TestAppointment.testCreate() in C:\Users\Tino\Desktop\TP\TPTest\repository\TestAppointment.cs:line 28
   at TPTest.Repository.TestAppointment.TestAllAppoinment() in C:\Users\Tino\Desktop\TP\TPTest\repository\TestAppointment.cs:line 20
</StackTrace>
        </ErrorInfo>
      </Output>
    </UnitTestResult>
    <UnitTestResult executionId="c37656c2-10da-4654-8c30-5715f5bce144" testId="47ca51c2-3965-9371-4f2b-e7525cbf149b" testName="TestAllTerminalUser" computerName="TINO-PC" duration="00:00:00.0492793" startTime="2014-10-13T14:19:00.1921694-07:00" endTime="2014-10-13T14:19:00.2581732-07:00" testType="13cdc9d9-ddb5-4fa4-a97d-d965ccfc6d4b" outcome="Failed" testListId="8c84fa94-04c1-424b-9868-57a2d4851a1d" relativeResultsDirectory="c37656c2-10da-4654-8c30-5715f5bce144">
      <Output>
        <ErrorInfo>
          <Message>Test method TPTest.Repository.TestTerminalUser.TestAllTerminalUser threw exception: 
NHibernate.HibernateException: Unknown connection option in connection string: server. ---&gt; System.ArgumentException: Unknown connection option in connection string: server.</Message>
          <StackTrace>    at System.Data.SqlServerCe.ConStringUtil.ParseStringIntoHashtable(String conString, Hashtable values)
   at System.Data.SqlServerCe.ConStringUtil.ParseConnectionString(String&amp; connectionString)
   at System.Data.SqlServerCe.SqlCeConnection.set_ConnectionString(String value)
   at NHibernate.Connection.DriverConnectionProvider.GetConnection()
   at NHibernate.Tool.hbm2ddl.SchemaExport.Execute(Action`1 scriptAction, Boolean export, Boolean justDrop)
 --- End of inner exception stack trace ---
    at NHibernate.Tool.hbm2ddl.SchemaExport.Execute(Action`1 scriptAction, Boolean export, Boolean justDrop)
   at NHibernate.Tool.hbm2ddl.SchemaExport.Execute(Boolean script, Boolean export, Boolean justDrop)
   at TP.Config.ConnectionConfig.loadPatientAddressConfig() in C:\Users\Tino\Desktop\TP\TP\config\ConnectionConfig.cs:line 90
   at TPTest.Repository.TestTerminalUser.testCreate() in C:\Users\Tino\Desktop\TP\TPTest\repository\TestTerminalUser.cs:line 28
   at TPTest.Repository.TestTerminalUser.TestAllTerminalUser() in C:\Users\Tino\Desktop\TP\TPTest\repository\TestTerminalUser.cs:line 20
</StackTrace>
        </ErrorInfo>
      </Output>
    </UnitTestResult>
    <UnitTestResult executionId="9fdd7b42-257f-47a3-8cd3-b6328f21d19f" testId="52433816-34f4-2a6c-a0bc-1c1ffc38cbb9" testName="TestAllProcedures" computerName="TINO-PC" duration="00:00:00.0638157" startTime="2014-10-13T14:19:00.3091761-07:00" endTime="2014-10-13T14:19:00.3861805-07:00" testType="13cdc9d9-ddb5-4fa4-a97d-d965ccfc6d4b" outcome="Failed" testListId="8c84fa94-04c1-424b-9868-57a2d4851a1d" relativeResultsDirectory="9fdd7b42-257f-47a3-8cd3-b6328f21d19f">
      <Output>
        <ErrorInfo>
          <Message>Test method TPTest.Repository.TestProcedure.TestAllProcedures threw exception: 
NHibernate.HibernateException: Unknown connection option in connection string: server. ---&gt; System.ArgumentException: Unknown connection option in connection string: server.</Message>
          <StackTrace>    at System.Data.SqlServerCe.ConStringUtil.ParseStringIntoHashtable(String conString, Hashtable values)
   at System.Data.SqlServerCe.ConStringUtil.ParseConnectionString(String&amp; connectionString)
   at System.Data.SqlServerCe.SqlCeConnection.set_ConnectionString(String value)
   at NHibernate.Connection.DriverConnectionProvider.GetConnection()
   at NHibernate.Tool.hbm2ddl.SchemaExport.Execute(Action`1 scriptAction, Boolean export, Boolean justDrop)
 --- End of inner exception stack trace ---
    at NHibernate.Tool.hbm2ddl.SchemaExport.Execute(Action`1 scriptAction, Boolean export, Boolean justDrop)
   at NHibernate.Tool.hbm2ddl.SchemaExport.Execute(Boolean script, Boolean export, Boolean justDrop)
   at TP.Config.ConnectionConfig.loadProcedureConfig() in C:\Users\Tino\Desktop\TP\TP\config\ConnectionConfig.cs:line 74
   at TPTest.Repository.TestProcedure.testCreate() in C:\Users\Tino\Desktop\TP\TPTest\repository\TestProcedure.cs:line 28
   at TPTest.Repository.TestProcedure.TestAllProcedures() in C:\Users\Tino\Desktop\TP\TPTest\repository\TestProcedure.cs:line 20
</StackTrace>
        </ErrorInfo>
      </Output>
    </UnitTestResult>
    <UnitTestResult executionId="4a188903-4e2f-4de1-a2e3-e1ac345bbd80" testId="5afea8c9-d3ab-4ebf-9553-a2458d7ea6cf" testName="TestAllAuthorizer" computerName="TINO-PC" duration="00:00:00.0813854" startTime="2014-10-13T14:19:00.4071817-07:00" endTime="2014-10-13T14:19:00.5161879-07:00" testType="13cdc9d9-ddb5-4fa4-a97d-d965ccfc6d4b" outcome="Failed" testListId="8c84fa94-04c1-424b-9868-57a2d4851a1d" relativeResultsDirectory="4a188903-4e2f-4de1-a2e3-e1ac345bbd80">
      <Output>
        <ErrorInfo>
          <Message>Test method TPTest.repository.TestAuthorizer.TestAllAuthorizer threw exception: 
NHibernate.HibernateException: Unknown connection option in connection string: server. ---&gt; System.ArgumentException: Unknown connection option in connection string: server.</Message>
          <StackTrace>    at System.Data.SqlServerCe.ConStringUtil.ParseStringIntoHashtable(String conString, Hashtable values)
   at System.Data.SqlServerCe.ConStringUtil.ParseConnectionString(String&amp; connectionString)
   at System.Data.SqlServerCe.SqlCeConnection.set_ConnectionString(String value)
   at NHibernate.Connection.DriverConnectionProvider.GetConnection()
   at NHibernate.Tool.hbm2ddl.SchemaExport.Execute(Action`1 scriptAction, Boolean export, Boolean justDrop)
 --- End of inner exception stack trace ---
    at NHibernate.Tool.hbm2ddl.SchemaExport.Execute(Action`1 scriptAction, Boolean export, Boolean justDrop)
   at NHibernate.Tool.hbm2ddl.SchemaExport.Execute(Boolean script, Boolean export, Boolean justDrop)
   at TP.Config.ConnectionConfig.loadAuthorizerConfig() in C:\Users\Tino\Desktop\TP\TP\config\ConnectionConfig.cs:line 98
   at TPTest.repository.TestAuthorizer.testCreate() in C:\Users\Tino\Desktop\TP\TPTest\repository\TestAuthorizer.cs:line 28
   at TPTest.repository.TestAuthorizer.TestAllAuthorizer() in C:\Users\Tino\Desktop\TP\TPTest\repository\TestAuthorizer.cs:line 20
</StackTrace>
        </ErrorInfo>
      </Output>
    </UnitTestResult>
    <UnitTestResult executionId="d87f7fcf-629c-47d2-a0df-a67a8911f83a" testId="6e26cf5a-168a-510e-410f-d0545d2f9604" testName="TestAllPatient" computerName="TINO-PC" duration="00:00:00.0810621" startTime="2014-10-13T14:19:00.5461896-07:00" endTime="2014-10-13T14:19:00.6601962-07:00" testType="13cdc9d9-ddb5-4fa4-a97d-d965ccfc6d4b" outcome="Failed" testListId="8c84fa94-04c1-424b-9868-57a2d4851a1d" relativeResultsDirectory="d87f7fcf-629c-47d2-a0df-a67a8911f83a">
      <Output>
        <ErrorInfo>
          <Message>Test method TPTest.TestPatient.TestAllPatient threw exception: 
NHibernate.HibernateException: Unknown connection option in connection string: server. ---&gt; System.ArgumentException: Unknown connection option in connection string: server.</Message>
          <StackTrace>    at System.Data.SqlServerCe.ConStringUtil.ParseStringIntoHashtable(String conString, Hashtable values)
   at System.Data.SqlServerCe.ConStringUtil.ParseConnectionString(String&amp; connectionString)
   at System.Data.SqlServerCe.SqlCeConnection.set_ConnectionString(String value)
   at NHibernate.Connection.DriverConnectionProvider.GetConnection()
   at NHibernate.Tool.hbm2ddl.SchemaExport.Execute(Action`1 scriptAction, Boolean export, Boolean justDrop)
 --- End of inner exception stack trace ---
    at NHibernate.Tool.hbm2ddl.SchemaExport.Execute(Action`1 scriptAction, Boolean export, Boolean justDrop)
   at NHibernate.Tool.hbm2ddl.SchemaExport.Execute(Boolean script, Boolean export, Boolean justDrop)
   at TP.Config.ConnectionConfig.loadPatientConfig() in C:\Users\Tino\Desktop\TP\TP\config\ConnectionConfig.cs:line 18
   at TPTest.TestPatient.testCreate() in C:\Users\Tino\Desktop\TP\TPTest\repository\TestPatient.cs:line 31
   at TPTest.TestPatient.TestAllPatient() in C:\Users\Tino\Desktop\TP\TPTest\repository\TestPatient.cs:line 23
</StackTrace>
        </ErrorInfo>
      </Output>
    </UnitTestResult>
    <UnitTestResult executionId="1b242183-17b6-4cd0-b777-ed23ff9709a8" testId="a4aaea69-8e99-80da-06a2-51caab4d2873" testName="TestAllPatientAddress" computerName="TINO-PC" duration="00:00:00.0554292" startTime="2014-10-13T14:19:00.6861977-07:00" endTime="2014-10-13T14:19:00.7572017-07:00" testType="13cdc9d9-ddb5-4fa4-a97d-d965ccfc6d4b" outcome="Failed" testListId="8c84fa94-04c1-424b-9868-57a2d4851a1d" relativeResultsDirectory="1b242183-17b6-4cd0-b777-ed23ff9709a8">
      <Output>
        <ErrorInfo>
          <Message>Test method TPTest.repository.TestPatientAddress.TestAllPatientAddress threw exception: 
NHibernate.HibernateException: Unknown connection option in connection string: server. ---&gt; System.ArgumentException: Unknown connection option in connection string: server.</Message>
          <StackTrace>    at System.Data.SqlServerCe.ConStringUtil.ParseStringIntoHashtable(String conString, Hashtable values)
   at System.Data.SqlServerCe.ConStringUtil.ParseConnectionString(String&amp; connectionString)
   at System.Data.SqlServerCe.SqlCeConnection.set_ConnectionString(String value)
   at NHibernate.Connection.DriverConnectionProvider.GetConnection()
   at NHibernate.Tool.hbm2ddl.SchemaExport.Execute(Action`1 scriptAction, Boolean export, Boolean justDrop)
 --- End of inner exception stack trace ---
    at NHibernate.Tool.hbm2ddl.SchemaExport.Execute(Action`1 scriptAction, Boolean export, Boolean justDrop)
   at NHibernate.Tool.hbm2ddl.SchemaExport.Execute(Boolean script, Boolean export, Boolean justDrop)
   at TP.Config.ConnectionConfig.loadPatientConfig() in C:\Users\Tino\Desktop\TP\TP\config\ConnectionConfig.cs:line 18
   at TPTest.repository.TestPatientAddress.testCreate() in C:\Users\Tino\Desktop\TP\TPTest\repository\TestPatientAddress.cs:line 30
   at TPTest.repository.TestPatientAddress.TestAllPatientAddress() in C:\Users\Tino\Desktop\TP\TPTest\repository\TestPatientAddress.cs:line 22
</StackTrace>
        </ErrorInfo>
      </Output>
    </UnitTestResult>
    <UnitTestResult executionId="c9d0dedd-19a4-4cba-83c8-880bd3c78ddb" testId="d023ff9b-12c5-5440-f6f4-f338c74d902d" testName="TestAllPayment" computerName="TINO-PC" duration="00:00:00.0449992" startTime="2014-10-13T14:19:00.7762028-07:00" endTime="2014-10-13T14:19:00.8372063-07:00" testType="13cdc9d9-ddb5-4fa4-a97d-d965ccfc6d4b" outcome="Failed" testListId="8c84fa94-04c1-424b-9868-57a2d4851a1d" relativeResultsDirectory="c9d0dedd-19a4-4cba-83c8-880bd3c78ddb">
      <Output>
        <ErrorInfo>
          <Message>Test method TPTest.Repository.TestPayment.TestAllPayment threw exception: 
NHibernate.HibernateException: Unknown connection option in connection string: server. ---&gt; System.ArgumentException: Unknown connection option in connection string: server.</Message>
          <StackTrace>    at System.Data.SqlServerCe.ConStringUtil.ParseStringIntoHashtable(String conString, Hashtable values)
   at System.Data.SqlServerCe.ConStringUtil.ParseConnectionString(String&amp; connectionString)
   at System.Data.SqlServerCe.SqlCeConnection.set_ConnectionString(String value)
   at NHibernate.Connection.DriverConnectionProvider.GetConnection()
   at NHibernate.Tool.hbm2ddl.SchemaExport.Execute(Action`1 scriptAction, Boolean export, Boolean justDrop)
 --- End of inner exception stack trace ---
    at NHibernate.Tool.hbm2ddl.SchemaExport.Execute(Action`1 scriptAction, Boolean export, Boolean justDrop)
   at NHibernate.Tool.hbm2ddl.SchemaExport.Execute(Boolean script, Boolean export, Boolean justDrop)
   at TP.Config.ConnectionConfig.loadPaymentConfig() in C:\Users\Tino\Desktop\TP\TP\config\ConnectionConfig.cs:line 58
   at TPTest.Repository.TestPayment.testCreate() in C:\Users\Tino\Desktop\TP\TPTest\repository\TestPayment.cs:line 28
   at TPTest.Repository.TestPayment.TestAllPayment() in C:\Users\Tino\Desktop\TP\TPTest\repository\TestPayment.cs:line 20
</StackTrace>
        </ErrorInfo>
      </Output>
    </UnitTestResult>
    <UnitTestResult executionId="79171972-5cf1-4776-9519-c26fda1169a9" testId="ef02c3d0-ff67-1dfc-598e-2b27d85d78c5" testName="TestAllPaymentData" computerName="TINO-PC" duration="00:00:00.0594729" startTime="2014-10-13T14:19:00.8562074-07:00" endTime="2014-10-13T14:19:00.9332118-07:00" testType="13cdc9d9-ddb5-4fa4-a97d-d965ccfc6d4b" outcome="Failed" testListId="8c84fa94-04c1-424b-9868-57a2d4851a1d" relativeResultsDirectory="79171972-5cf1-4776-9519-c26fda1169a9">
      <Output>
        <ErrorInfo>
          <Message>Test method TPTest.Repository.TestPaymentData.TestAllPaymentData threw exception: 
NHibernate.HibernateException: Unknown connection option in connection string: server. ---&gt; System.ArgumentException: Unknown connection option in connection string: server.</Message>
          <StackTrace>    at System.Data.SqlServerCe.ConStringUtil.ParseStringIntoHashtable(String conString, Hashtable values)
   at System.Data.SqlServerCe.ConStringUtil.ParseConnectionString(String&amp; connectionString)
   at System.Data.SqlServerCe.SqlCeConnection.set_ConnectionString(String value)
   at NHibernate.Connection.DriverConnectionProvider.GetConnection()
   at NHibernate.Tool.hbm2ddl.SchemaExport.Execute(Action`1 scriptAction, Boolean export, Boolean justDrop)
 --- End of inner exception stack trace ---
    at NHibernate.Tool.hbm2ddl.SchemaExport.Execute(Action`1 scriptAction, Boolean export, Boolean justDrop)
   at NHibernate.Tool.hbm2ddl.SchemaExport.Execute(Boolean script, Boolean export, Boolean justDrop)
   at TP.Config.ConnectionConfig.loadPaymentDataConfig() in C:\Users\Tino\Desktop\TP\TP\config\ConnectionConfig.cs:line 66
   at TPTest.Repository.TestPaymentData.testCreate() in C:\Users\Tino\Desktop\TP\TPTest\repository\TestPaymentData.cs:line 28
   at TPTest.Repository.TestPaymentData.TestAllPaymentData() in C:\Users\Tino\Desktop\TP\TPTest\repository\TestPaymentData.cs:line 20
</StackTrace>
        </ErrorInfo>
      </Output>
    </UnitTestResult>
    <UnitTestResult executionId="07ff08fd-0bfe-4e33-9e0c-ba67c00edb1d" testId="f44b82e6-9fa6-66d0-f37d-d7eea6349f41" testName="TestAllEmployee" computerName="TINO-PC" duration="00:00:00.0756062" startTime="2014-10-13T14:19:00.9642136-07:00" endTime="2014-10-13T14:19:01.0622192-07:00" testType="13cdc9d9-ddb5-4fa4-a97d-d965ccfc6d4b" outcome="Failed" testListId="8c84fa94-04c1-424b-9868-57a2d4851a1d" relativeResultsDirectory="07ff08fd-0bfe-4e33-9e0c-ba67c00edb1d">
      <Output>
        <ErrorInfo>
          <Message>Test method TPTest.Repository.TestEmployee.TestAllEmployee threw exception: 
NHibernate.HibernateException: Unknown connection option in connection string: server. ---&gt; System.ArgumentException: Unknown connection option in connection string: server.</Message>
          <StackTrace>    at System.Data.SqlServerCe.ConStringUtil.ParseStringIntoHashtable(String conString, Hashtable values)
   at System.Data.SqlServerCe.ConStringUtil.ParseConnectionString(String&amp; connectionString)
   at System.Data.SqlServerCe.SqlCeConnection.set_ConnectionString(String value)
   at NHibernate.Connection.DriverConnectionProvider.GetConnection()
   at NHibernate.Tool.hbm2ddl.SchemaExport.Execute(Action`1 scriptAction, Boolean export, Boolean justDrop)
 --- End of inner exception stack trace ---
    at NHibernate.Tool.hbm2ddl.SchemaExport.Execute(Action`1 scriptAction, Boolean export, Boolean justDrop)
   at NHibernate.Tool.hbm2ddl.SchemaExport.Execute(Boolean script, Boolean export, Boolean justDrop)
   at TP.Config.ConnectionConfig.loadEmployeeConfig() in C:\Users\Tino\Desktop\TP\TP\config\ConnectionConfig.cs:line 42
   at TPTest.Repository.TestEmployee.testCreate() in C:\Users\Tino\Desktop\TP\TPTest\repository\TestEmployee.cs:line 28
   at TPTest.Repository.TestEmployee.TestAllEmployee() in C:\Users\Tino\Desktop\TP\TPTest\repository\TestEmployee.cs:line 20
</StackTrace>
        </ErrorInfo>
      </Output>
    </UnitTestResult>
  </Results>
</TestRun>